<?xml version="1.0" encoding="UTF-8"?>
<!-- Generated by org.testng.reporters.JUnitXMLReporter -->
<testsuite hostname="DESKTOP-OR6VU5V" ignored="0" name="Command line test" tests="1" failures="0" timestamp="15 Aug 2020 08:40:32 GMT" time="0.077" errors="0">
  <testcase name="@BeforeMethod setUp" time="0.0" classname="GridDemo.SeleniumMultiBrowserTest">
    <failure type="org.testng.TestNGException" message="
Parameter &amp;apos;Port&amp;apos; is required by BeforeMethod on method setUp but has not been marked @Optional or defined
">
      <![CDATA[org.testng.TestNGException: 
Parameter 'Port' is required by BeforeMethod on method setUp but has not been marked @Optional or defined

... Removed 34 stack frames]]>
    </failure>
  </testcase> <!-- @BeforeMethod setUp -->
  <testcase name="@AfterMethod tearDown" time="0.0" classname="GridDemo.SeleniumMultiBrowserTest">
    <skipped/>
  </testcase> <!-- @AfterMethod tearDown -->
  <testcase name="appleSite" time="0.0" classname="GridDemo.SeleniumMultiBrowserTest">
    <skipped/>
  </testcase> <!-- appleSite -->
</testsuite> <!-- Command line test -->
